{
  "0 debug pnpm:scope": {
    "selected": 1
  },
  "1 error pnpm": {
    "code": "ELIFECYCLE",
    "errno": "ENOENT",
    "syscall": "spawn",
    "file": "sh",
    "pkgid": "temp@0.0.0",
    "stage": "build",
    "script": "vite build",
    "pkgname": "temp",
    "err": {
      "name": "Error",
      "message": "temp@0.0.0 build: `vite build`\nspawn ENOENT",
      "code": "ELIFECYCLE",
      "stack": "Error: temp@0.0.0 build: `vite build`\nspawn ENOENT\n    at ChildProcess.<anonymous> (/Users/davidha/.node/corepack/pnpm/6.11.0/dist/pnpm.cjs:93073:22)\n    at ChildProcess.emit (node:events:526:28)\n    at maybeClose (node:internal/child_process:1092:16)\n    at Process.ChildProcess._handle.onexit (node:internal/child_process:302:5)"
    }
  }
}